<?xml version="1.0" encoding="UTF-8"?>
<!-- Generated by org.testng.reporters.JUnitXMLReporter -->
<testsuite hostname="Lenovo-PC" ignored="0" name="Test" tests="4" failures="0" timestamp="12 Apr 2019 06:35:08 GMT" time="0.045" errors="0">
  <testcase name="Webtest" time="0.008" classname="qaclickacademy.WebTest"/>
  <testcase name="Webtest2" time="0.0" classname="qaclickacademy.WebTest"/>
  <testcase name="APItest" time="0.0" classname="qaclickacademy.APITest"/>
  <testcase name="APItest2" time="0.001" classname="qaclickacademy.APITest"/>
</testsuite> <!-- Test -->
